This is pdfTeX, Version 3.14159265-2.6-1.40.20 (MiKTeX 2.9.7140 64-bit) (preloaded format=pdflatex 2019.9.19)  19 DEC 2019 17:45
entering extended mode
**d:/OneDrive/Dokumente/SYP/SystemSpecs/SystemSpecs/TemplateLaTeX/SystemSpec.tex
(d:/OneDrive/Dokumente/SYP/SystemSpecs/SystemSpecs/TemplateLaTeX/SystemSpec.tex
LaTeX2e <2018-12-01>
("D:\Users\alexa\AppData\Local\Programs\MiKTeX 2.9\tex/latex/base\article.cls"
Document Class: article 2018/09/03 v1.4i Standard LaTeX document class
("D:\Users\alexa\AppData\Local\Programs\MiKTeX 2.9\tex/latex/base\size12.clo"
File: size12.clo 2018/09/03 v1.4i Standard LaTeX file (size option)
)
\c@part=\count80
\c@section=\count81
\c@subsection=\count82
\c@subsubsection=\count83
\c@paragraph=\count84
\c@subparagraph=\count85
\c@figure=\count86
\c@table=\count87
\abovecaptionskip=\skip41
\belowcaptionskip=\skip42
\bibindent=\dimen102
) ("D:\Users\alexa\AppData\Local\Programs\MiKTeX 2.9\tex/latex/geometry\geometry.sty"
Package: geometry 2018/04/16 v5.8 Page Geometry
 ("D:\Users\alexa\AppData\Local\Programs\MiKTeX 2.9\tex/latex/graphics\keyval.sty"
Package: keyval 2014/10/28 v1.15 key=value parser (DPC)
\KV@toks@=\toks14
) ("D:\Users\alexa\AppData\Local\Programs\MiKTeX 2.9\tex/generic/oberdiek\ifpdf.sty"
Package: ifpdf 2018/09/07 v3.3 Provides the ifpdf switch
) ("D:\Users\alexa\AppData\Local\Programs\MiKTeX 2.9\tex/generic/oberdiek\ifvtex.sty"
Package: ifvtex 2016/05/16 v1.6 Detect VTeX and its facilities (HO)
Package ifvtex Info: VTeX not detected.
) ("D:\Users\alexa\AppData\Local\Programs\MiKTeX 2.9\tex/generic/ifxetex\ifxetex.sty"
Package: ifxetex 2010/09/12 v0.6 Provides ifxetex conditional
)
\Gm@cnth=\count88
\Gm@cntv=\count89
\c@Gm@tempcnt=\count90
\Gm@bindingoffset=\dimen103
\Gm@wd@mp=\dimen104
\Gm@odd@mp=\dimen105
\Gm@even@mp=\dimen106
\Gm@layoutwidth=\dimen107
\Gm@layoutheight=\dimen108
\Gm@layouthoffset=\dimen109
\Gm@layoutvoffset=\dimen110
\Gm@dimlist=\toks15
 ("D:\Users\alexa\AppData\Local\Programs\MiKTeX 2.9\tex/latex/geometry\geometry.cfg")) ("D:\Users\alexa\AppData\Local\Programs\MiKTeX 2.9\tex/latex/graphics\graphicx.sty"
Package: graphicx 2017/06/01 v1.1a Enhanced LaTeX Graphics (DPC,SPQR)
 ("D:\Users\alexa\AppData\Local\Programs\MiKTeX 2.9\tex/latex/graphics\graphics.sty"
Package: graphics 2017/06/25 v1.2c Standard LaTeX Graphics (DPC,SPQR)
 ("D:\Users\alexa\AppData\Local\Programs\MiKTeX 2.9\tex/latex/graphics\trig.sty"
Package: trig 2016/01/03 v1.10 sin cos tan (DPC)
) ("D:\Users\alexa\AppData\Local\Programs\MiKTeX 2.9\tex/latex/graphics-cfg\graphics.cfg"
File: graphics.cfg 2016/06/04 v1.11 sample graphics configuration
)
Package graphics Info: Driver file: pdftex.def on input line 99.
 ("D:\Users\alexa\AppData\Local\Programs\MiKTeX 2.9\tex/latex/graphics-def\pdftex.def"
File: pdftex.def 2018/01/08 v1.0l Graphics/color driver for pdftex
))
\Gin@req@height=\dimen111
\Gin@req@width=\dimen112
) ("D:\Users\alexa\AppData\Local\Programs\MiKTeX 2.9\tex/latex/amsfonts\amssymb.sty"
Package: amssymb 2013/01/14 v3.01 AMS font symbols
 ("D:\Users\alexa\AppData\Local\Programs\MiKTeX 2.9\tex/latex/amsfonts\amsfonts.sty"
Package: amsfonts 2013/01/14 v3.01 Basic AMSFonts support
\@emptytoks=\toks16
\symAMSa=\mathgroup4
\symAMSb=\mathgroup5
LaTeX Font Info:    Overwriting math alphabet `\mathfrak' in version `bold'
(Font)                  U/euf/m/n --> U/euf/b/n on input line 106.
)) ("D:\Users\alexa\AppData\Local\Programs\MiKTeX 2.9\tex/latex/amscls\amsthm.sty"
Package: amsthm 2017/10/31 v2.20.4
\thm@style=\toks17
\thm@bodyfont=\toks18
\thm@headfont=\toks19
\thm@notefont=\toks20
\thm@headpunct=\toks21
\thm@preskip=\skip43
\thm@postskip=\skip44
\thm@headsep=\skip45
\dth@everypar=\toks22
) ("D:\Users\alexa\AppData\Local\Programs\MiKTeX 2.9\tex/latex/oberdiek\epstopdf.sty"
Package: epstopdf 2016/05/15 v2.6 Conversion with epstopdf on the fly (HO)
 ("D:\Users\alexa\AppData\Local\Programs\MiKTeX 2.9\tex/latex/oberdiek\epstopdf-base.sty"
Package: epstopdf-base 2016/05/15 v2.6 Base part for package epstopdf
 ("D:\Users\alexa\AppData\Local\Programs\MiKTeX 2.9\tex/generic/oberdiek\infwarerr.sty"
Package: infwarerr 2016/05/16 v1.4 Providing info/warning/error messages (HO)
) ("D:\Users\alexa\AppData\Local\Programs\MiKTeX 2.9\tex/latex/oberdiek\grfext.sty"
Package: grfext 2016/05/16 v1.2 Manage graphics extensions (HO)
 ("D:\Users\alexa\AppData\Local\Programs\MiKTeX 2.9\tex/generic/oberdiek\kvdefinekeys.sty"
Package: kvdefinekeys 2016/05/16 v1.4 Define keys (HO)
 ("D:\Users\alexa\AppData\Local\Programs\MiKTeX 2.9\tex/generic/oberdiek\ltxcmds.sty"
Package: ltxcmds 2016/05/16 v1.23 LaTeX kernel commands for general use (HO)
))) ("D:\Users\alexa\AppData\Local\Programs\MiKTeX 2.9\tex/latex/oberdiek\kvoptions.sty"
Package: kvoptions 2016/05/16 v3.12 Key value format for package options (HO)
 ("D:\Users\alexa\AppData\Local\Programs\MiKTeX 2.9\tex/generic/oberdiek\kvsetkeys.sty"
Package: kvsetkeys 2016/05/16 v1.17 Key value parser (HO)
 ("D:\Users\alexa\AppData\Local\Programs\MiKTeX 2.9\tex/generic/oberdiek\etexcmds.sty"
Package: etexcmds 2016/05/16 v1.6 Avoid name clashes with e-TeX commands (HO)
 ("D:\Users\alexa\AppData\Local\Programs\MiKTeX 2.9\tex/generic/oberdiek\ifluatex.sty"
Package: ifluatex 2016/05/16 v1.4 Provides the ifluatex switch (HO)
Package ifluatex Info: LuaTeX not detected.
)))) ("D:\Users\alexa\AppData\Local\Programs\MiKTeX 2.9\tex/generic/oberdiek\pdftexcmds.sty"
Package: pdftexcmds 2019/07/25 v0.30 Utility functions of pdfTeX for LuaTeX (HO)
Package pdftexcmds Info: LuaTeX not detected.
Package pdftexcmds Info: \pdf@primitive is available.
Package pdftexcmds Info: \pdf@ifprimitive is available.
Package pdftexcmds Info: \pdfdraftmode found.
)
Package epstopdf-base Info: Redefining graphics rule for `.eps' on input line 438.
Package grfext Info: Graphics extension search list:
(grfext)             [.pdf,.png,.jpg,.mps,.jpeg,.jbig2,.jb2,.PDF,.PNG,.JPG,.JPEG,.JBIG2,.JB2,.eps]
(grfext)             \AppendGraphicsExtensions on input line 456.
)) ("D:\Users\alexa\AppData\Local\Programs\MiKTeX 2.9\tex/generic/babel\babel.sty"
Package: babel 2019/07/19 3.33 The Babel package
 ("D:\Users\alexa\AppData\Local\Programs\MiKTeX 2.9\tex/generic/babel\switch.def"
File: switch.def 2019/07/19 3.33 Babel switching mechanism
)
*************************************
* Local config file bblopts.cfg used
*
("D:\Users\alexa\AppData\Local\Programs\MiKTeX 2.9\tex/latex/arabi\bblopts.cfg"
File: bblopts.cfg 2005/09/08 v0.1 add Arabic and Farsi to "declared" options of babel
) ("D:\Users\alexa\AppData\Local\Programs\MiKTeX 2.9\tex/latex/babel-english\english.ldf"
Language: english 2017/06/06 v3.3r English support from the babel system
 ("D:\Users\alexa\AppData\Local\Programs\MiKTeX 2.9\tex/generic/babel\babel.def"
File: babel.def 2019/07/19 3.33 Babel common definitions
\babel@savecnt=\count91
\U@D=\dimen113
 ("D:\Users\alexa\AppData\Local\Programs\MiKTeX 2.9\tex/generic/babel\txtbabel.def")
\bbl@dirlevel=\count92
)
\l@canadian = a dialect from \language\l@american 
\l@australian = a dialect from \language\l@british 
\l@newzealand = a dialect from \language\l@british 
) ("D:\Users\alexa\AppData\Local\Programs\MiKTeX 2.9\tex/latex/babel-german\german.ldf"
Language: german 2018/12/08 v2.11 German support for babel (pre-1996 orthography)
 ("D:\Users\alexa\AppData\Local\Programs\MiKTeX 2.9\tex/latex/babel-german\germanb.ldf"
Language: germanb 2018/12/08 v2.11 German support for babel (pre-1996 orthography)
Package babel Info: Making " an active character on input line 135.
))) ("D:\Users\alexa\AppData\Local\Programs\MiKTeX 2.9\tex/latex/base\inputenc.sty"
Package: inputenc 2018/08/11 v1.3c Input encoding file
\inpenc@prehook=\toks23
\inpenc@posthook=\toks24
) ("D:\Users\alexa\AppData\Local\Programs\MiKTeX 2.9\tex/latex/graphics\color.sty"
Package: color 2016/07/10 v1.1e Standard LaTeX Color (DPC)
 ("D:\Users\alexa\AppData\Local\Programs\MiKTeX 2.9\tex/latex/graphics-cfg\color.cfg"
File: color.cfg 2016/01/02 v1.6 sample color configuration
)
Package color Info: Driver file: pdftex.def on input line 147.
 ("D:\Users\alexa\AppData\Local\Programs\MiKTeX 2.9\tex/latex/graphics\dvipsnam.def"
File: dvipsnam.def 2016/06/17 v3.0m Driver-dependent file (DPC,SPQR)
)) ("D:\Users\alexa\AppData\Local\Programs\MiKTeX 2.9\tex/latex/xcolor\xcolor.sty"
Package: xcolor 2016/05/11 v2.12 LaTeX color extensions (UK)
 ("D:\Users\alexa\AppData\Local\Programs\MiKTeX 2.9\tex/latex/graphics-cfg\color.cfg"
File: color.cfg 2016/01/02 v1.6 sample color configuration
)
Package xcolor Info: Driver file: pdftex.def on input line 225.
 ("D:\Users\alexa\AppData\Local\Programs\MiKTeX 2.9\tex/latex/colortbl\colortbl.sty"
Package: colortbl 2018/12/12 v1.0d Color table columns (DPC)
 ("D:\Users\alexa\AppData\Local\Programs\MiKTeX 2.9\tex/latex/tools\array.sty"
Package: array 2018/12/30 v2.4k Tabular extension package (FMi)
\col@sep=\dimen114
\ar@mcellbox=\box27
\extrarowheight=\dimen115
\NC@list=\toks25
\extratabsurround=\skip46
\backup@length=\skip47
\ar@cellbox=\box28
)
\everycr=\toks26
\minrowclearance=\skip48
)
LaTeX Info: Redefining \color on input line 709.
\rownum=\count93
Package xcolor Info: Model `cmy' substituted by `cmy0' on input line 1348.
Package xcolor Info: Model `hsb' substituted by `rgb' on input line 1352.
Package xcolor Info: Model `RGB' extended on input line 1364.
Package xcolor Info: Model `HTML' substituted by `rgb' on input line 1366.
Package xcolor Info: Model `Hsb' substituted by `hsb' on input line 1367.
Package xcolor Info: Model `tHsb' substituted by `hsb' on input line 1368.
Package xcolor Info: Model `HSB' substituted by `hsb' on input line 1369.
Package xcolor Info: Model `Gray' substituted by `gray' on input line 1370.
Package xcolor Info: Model `wave' substituted by `hsb' on input line 1371.
) ("D:\Users\alexa\AppData\Local\Programs\MiKTeX 2.9\tex/latex/hyperref\hyperref.sty"
Package: hyperref 2019/06/12 v6.88h Hypertext links for LaTeX
 ("D:\Users\alexa\AppData\Local\Programs\MiKTeX 2.9\tex/generic/oberdiek\hobsub-hyperref.sty"
Package: hobsub-hyperref 2016/05/16 v1.14 Bundle oberdiek, subset hyperref (HO)
 ("D:\Users\alexa\AppData\Local\Programs\MiKTeX 2.9\tex/generic/oberdiek\hobsub-generic.sty"
Package: hobsub-generic 2016/05/16 v1.14 Bundle oberdiek, subset generic (HO)
Package: hobsub 2016/05/16 v1.14 Construct package bundles (HO)
Package hobsub Info: Skipping package `infwarerr' (already loaded).
Package hobsub Info: Skipping package `ltxcmds' (already loaded).
Package hobsub Info: Skipping package `ifluatex' (already loaded).
Package hobsub Info: Skipping package `ifvtex' (already loaded).
Package: intcalc 2016/05/16 v1.2 Expandable calculations with integers (HO)
Package hobsub Info: Skipping package `ifpdf' (already loaded).
Package hobsub Info: Skipping package `etexcmds' (already loaded).
Package hobsub Info: Skipping package `kvsetkeys' (already loaded).
Package hobsub Info: Skipping package `kvdefinekeys' (already loaded).
Package hobsub Info: Skipping package `pdftexcmds' (already loaded).
Package: pdfescape 2016/05/16 v1.14 Implements pdfTeX's escape features (HO)
Package: bigintcalc 2016/05/16 v1.4 Expandable calculations on big integers (HO)
Package: bitset 2016/05/16 v1.2 Handle bit-vector datatype (HO)
Package: uniquecounter 2016/05/16 v1.3 Provide unlimited unique counter (HO)
)
Package hobsub Info: Skipping package `hobsub' (already loaded).
Package: letltxmacro 2016/05/16 v1.5 Let assignment for LaTeX macros (HO)
Package: hopatch 2016/05/16 v1.3 Wrapper for package hooks (HO)
Package: xcolor-patch 2016/05/16 xcolor patch
Package: atveryend 2016/05/16 v1.9 Hooks at the very end of document (HO)
Package atveryend Info: \enddocument detected (standard20110627).
Package: atbegshi 2016/06/09 v1.18 At begin shipout hook (HO)
Package: refcount 2016/05/16 v3.5 Data extraction from label references (HO)
Package: hycolor 2016/05/16 v1.8 Color options for hyperref/bookmark (HO)
) ("D:\Users\alexa\AppData\Local\Programs\MiKTeX 2.9\tex/latex/oberdiek\auxhook.sty"
Package: auxhook 2016/05/16 v1.4 Hooks for auxiliary files (HO)
)
\@linkdim=\dimen116
\Hy@linkcounter=\count94
\Hy@pagecounter=\count95
 ("D:\Users\alexa\AppData\Local\Programs\MiKTeX 2.9\tex/latex/hyperref\pd1enc.def"
File: pd1enc.def 2019/06/12 v6.88h Hyperref: PDFDocEncoding definition (HO)
Now handling font encoding PD1 ...
... no UTF-8 mapping file for font encoding PD1
)
\Hy@SavedSpaceFactor=\count96
 ("D:\Users\alexa\AppData\Local\Programs\MiKTeX 2.9\tex/latex/00miktex\hyperref.cfg"
File: hyperref.cfg 2002/06/06 v1.2 hyperref configuration of TeXLive
)
Package hyperref Info: Hyper figures OFF on input line 4550.
Package hyperref Info: Link nesting OFF on input line 4555.
Package hyperref Info: Hyper index ON on input line 4558.
Package hyperref Info: Plain pages OFF on input line 4565.
Package hyperref Info: Backreferencing OFF on input line 4570.
Package hyperref Info: Implicit mode ON; LaTeX internals redefined.
Package hyperref Info: Bookmarks ON on input line 4803.
\c@Hy@tempcnt=\count97
 ("D:\Users\alexa\AppData\Local\Programs\MiKTeX 2.9\tex/latex/url\url.sty"
\Urlmuskip=\muskip10
Package: url 2013/09/16  ver 3.4  Verb mode for urls, etc.
)
LaTeX Info: Redefining \url on input line 5156.
\XeTeXLinkMargin=\dimen117
\Fld@menulength=\count98
\Field@Width=\dimen118
\Fld@charsize=\dimen119
Package hyperref Info: Hyper figures OFF on input line 6411.
Package hyperref Info: Link nesting OFF on input line 6416.
Package hyperref Info: Hyper index ON on input line 6419.
Package hyperref Info: backreferencing OFF on input line 6426.
Package hyperref Info: Link coloring OFF on input line 6431.
Package hyperref Info: Link coloring with OCG OFF on input line 6436.
Package hyperref Info: PDF/A mode OFF on input line 6441.
LaTeX Info: Redefining \ref on input line 6481.
LaTeX Info: Redefining \pageref on input line 6485.
\Hy@abspage=\count99
\c@Item=\count100
\c@Hfootnote=\count101
)
Package hyperref Info: Driver (autodetected): hpdftex.
 ("D:\Users\alexa\AppData\Local\Programs\MiKTeX 2.9\tex/latex/hyperref\hpdftex.def"
File: hpdftex.def 2019/06/12 v6.88h Hyperref driver for pdfTeX
\Fld@listcount=\count102
\c@bookmark@seq@number=\count103
 ("D:\Users\alexa\AppData\Local\Programs\MiKTeX 2.9\tex/latex/oberdiek\rerunfilecheck.sty"
Package: rerunfilecheck 2016/05/16 v1.8 Rerun checks for auxiliary files (HO)
Package uniquecounter Info: New unique counter `rerunfilecheck' on input line 282.
)
\Hy@SectionHShift=\skip49
)
\c@example=\count104

No file SystemSpec.aux.
\openout1 = `SystemSpec.aux'.

LaTeX Font Info:    Checking defaults for OML/cmm/m/it on input line 32.
LaTeX Font Info:    ... okay on input line 32.
LaTeX Font Info:    Checking defaults for T1/cmr/m/n on input line 32.
LaTeX Font Info:    ... okay on input line 32.
LaTeX Font Info:    Checking defaults for OT1/cmr/m/n on input line 32.
LaTeX Font Info:    ... okay on input line 32.
LaTeX Font Info:    Checking defaults for OMS/cmsy/m/n on input line 32.
LaTeX Font Info:    ... okay on input line 32.
LaTeX Font Info:    Checking defaults for OMX/cmex/m/n on input line 32.
LaTeX Font Info:    ... okay on input line 32.
LaTeX Font Info:    Checking defaults for U/cmr/m/n on input line 32.
LaTeX Font Info:    ... okay on input line 32.
LaTeX Font Info:    Checking defaults for PD1/pdf/m/n on input line 32.
LaTeX Font Info:    ... okay on input line 32.
*geometry* driver: auto-detecting
*geometry* detected driver: pdftex
*geometry* verbose mode - [ preamble ] result:
* driver: pdftex
* paper: letterpaper
* layout: <same size as paper>
* layoutoffset:(h,v)=(0.0pt,0.0pt)
* modes: 
* h-part:(L,W,R)=(92.14519pt, 430.00462pt, 92.14519pt)
* v-part:(T,H,B)=(95.39737pt, 556.47656pt, 143.09605pt)
* \paperwidth=614.295pt
* \paperheight=794.96999pt
* \textwidth=430.00462pt
* \textheight=556.47656pt
* \oddsidemargin=19.8752pt
* \evensidemargin=19.8752pt
* \topmargin=-13.87262pt
* \headheight=12.0pt
* \headsep=25.0pt
* \topskip=12.0pt
* \footskip=30.0pt
* \marginparwidth=44.0pt
* \marginparsep=10.0pt
* \columnsep=10.0pt
* \skip\footins=10.8pt plus 4.0pt minus 2.0pt
* \hoffset=0.0pt
* \voffset=0.0pt
* \mag=1000
* \@twocolumnfalse
* \@twosidefalse
* \@mparswitchfalse
* \@reversemarginfalse
* (1in=72.27pt=25.4mm, 1cm=28.453pt)

("D:\Users\alexa\AppData\Local\Programs\MiKTeX 2.9\tex/context/base/mkii\supp-pdf.mkii"
[Loading MPS to PDF converter (version 2006.09.02).]
\scratchcounter=\count105
\scratchdimen=\dimen120
\scratchbox=\box29
\nofMPsegments=\count106
\nofMParguments=\count107
\everyMPshowfont=\toks27
\MPscratchCnt=\count108
\MPscratchDim=\dimen121
\MPnumerator=\count109
\makeMPintoPDFobject=\count110
\everyMPtoPDFconversion=\toks28
)
\AtBeginShipoutBox=\box30
Package hyperref Info: Link coloring OFF on input line 32.
 ("D:\Users\alexa\AppData\Local\Programs\MiKTeX 2.9\tex/latex/hyperref\nameref.sty"
Package: nameref 2016/05/21 v2.44 Cross-referencing by name of section
 ("D:\Users\alexa\AppData\Local\Programs\MiKTeX 2.9\tex/generic/oberdiek\gettitlestring.sty"
Package: gettitlestring 2016/05/16 v1.5 Cleanup title references (HO)
)
\c@section@level=\count111
)
LaTeX Info: Redefining \ref on input line 32.
LaTeX Info: Redefining \pageref on input line 32.
LaTeX Info: Redefining \nameref on input line 32.
\@outlinefile=\write3
\openout3 = `SystemSpec.out'.

<htlleondinglogo.png, id=3, 351.3125pt x 62.2325pt>
File: htlleondinglogo.png Graphic file (type png)
<use htlleondinglogo.png>
Package pdftex.def Info: htlleondinglogo.png  used on input line 35.
(pdftex.def)             Requested size: 175.6558pt x 31.11617pt.
LaTeX Font Info:    Try loading font information for U+msa on input line 46.
 ("D:\Users\alexa\AppData\Local\Programs\MiKTeX 2.9\tex/latex/amsfonts\umsa.fd"
File: umsa.fd 2013/01/14 v3.01 AMS symbols A
)
LaTeX Font Info:    Try loading font information for U+msb on input line 46.
 ("D:\Users\alexa\AppData\Local\Programs\MiKTeX 2.9\tex/latex/amsfonts\umsb.fd"
File: umsb.fd 2013/01/14 v3.01 AMS symbols B
) [1

{C:/Users/alexa/AppData/Local/MiKTeX/2.9/pdftex/config/pdftex.map} <./htlleondinglogo.png>]pdfTeX warning (ext4): destination with the same identifier (name{page.1}) has been already used, duplicate ignored
<to be read again> 
                   \relax 
l.63 
      [1]
\tf@toc=\write4
\openout4 = `SystemSpec.toc'.

 [2] [3] [4]
<SysUML.PNG, id=35, 781.7205pt x 470.35725pt>
File: SysUML.PNG Graphic file (type png)
<use SysUML.PNG>
Package pdftex.def Info: SysUML.PNG  used on input line 112.
(pdftex.def)             Requested size: 357.32947pt x 215.0023pt.
 [5 <./SysUML.PNG>]
LaTeX Font Info:    Try loading font information for OMS+cmr on input line 124.
 ("D:\Users\alexa\AppData\Local\Programs\MiKTeX 2.9\tex/latex/base\omscmr.fd"
File: omscmr.fd 2014/09/29 v2.5h Standard LaTeX font definitions
)
LaTeX Font Info:    Font shape `OMS/cmr/m/n' in size <12> not available
(Font)              Font shape `OMS/cmsy/m/n' tried instead on input line 124.
 [6]
<UseCaseDiagram.PNG, id=49, 837.72975pt x 520.344pt>
File: UseCaseDiagram.PNG Graphic file (type png)
<use UseCaseDiagram.PNG>
Package pdftex.def Info: UseCaseDiagram.PNG  used on input line 143.
(pdftex.def)             Requested size: 346.143pt x 215.0023pt.
 [7 <./UseCaseDiagram.PNG>]
<Startseite2.png, id=59, 983.17313pt x 78.2925pt>
File: Startseite2.png Graphic file (type png)
<use Startseite2.png>
Package pdftex.def Info: Startseite2.png  used on input line 171.
(pdftex.def)             Requested size: 426.79175pt x 33.98647pt.
<Aktivitaetsdiagramm.PNG, id=60, 747.39224pt x 255.354pt>
File: Aktivitaetsdiagramm.PNG Graphic file (type png)
<use Aktivitaetsdiagramm.PNG>
Package pdftex.def Info: Aktivitaetsdiagramm.PNG  used on input line 180.
(pdftex.def)             Requested size: 503.4302pt x 171.99922pt.
<Startseite2.PNG, id=61, 983.17313pt x 78.2925pt>
File: Startseite2.PNG Graphic file (type png)
<use Startseite2.PNG>
Package pdftex.def Info: Startseite2.PNG  used on input line 181.
(pdftex.def)             Requested size: 2160.21223pt x 171.99922pt.

Overfull \hbox (73.42558pt too wide) in paragraph at lines 180--182
[]
 []


Overfull \hbox (1730.20761pt too wide) in paragraph at lines 180--182
[] 
 []

[8 <./Startseite2.png> <./Aktivitaetsdiagramm.PNG>]
<Fehler_Suchen.PNG, id=69, 623.931pt x 130.086pt>
File: Fehler_Suchen.PNG Graphic file (type png)
<use Fehler_Suchen.PNG>
Package pdftex.def Info: Fehler_Suchen.PNG  used on input line 190.
(pdftex.def)             Requested size: 825.00049pt x 171.99922pt.

Overfull \hbox (394.99586pt too wide) in paragraph at lines 190--192
[]
 []

[9 <./Startseite2.PNG> <./Fehler_Suchen.PNG>]
<Bewertung_schreiben.PNG, id=76, 660.066pt x 319.1925pt>
File: Bewertung_schreiben.PNG Graphic file (type png)
<use Bewertung_schreiben.PNG>
Package pdftex.def Info: Bewertung_schreiben.PNG  used on input line 220.
(pdftex.def)             Requested size: 355.68501pt x 171.99922pt.
<Bewertung_UI.PNG, id=77, 283.0575pt x 307.1475pt>
File: Bewertung_UI.PNG Graphic file (type png)
<use Bewertung_UI.PNG>
Package pdftex.def Info: Bewertung_UI.PNG  used on input line 221.
(pdftex.def)             Requested size: 158.51111pt x 171.99922pt.
<Bewertungen_UI2.PNG, id=78, 189.70876pt x 433.62pt>
File: Bewertungen_UI2.PNG Graphic file (type png)
<use Bewertungen_UI2.PNG>
Package pdftex.def Info: Bewertungen_UI2.PNG  used on input line 222.
(pdftex.def)             Requested size: 75.2511pt x 171.99922pt.
<Bewerten.PNG, id=79, 252.34274pt x 374.5995pt>
File: Bewerten.PNG Graphic file (type png)
<use Bewerten.PNG>
Package pdftex.def Info: Bewerten.PNG  used on input line 223.
(pdftex.def)             Requested size: 115.86343pt x 171.99922pt.

Overfull \hbox (86.80258pt too wide) in paragraph at lines 220--224
[] []
 []

[10] [11 <./Bewertung_schreiben.PNG> <./Bewertung_UI.PNG> <./Bewertungen_UI2.PNG> <./Bewerten.PNG>]
<Chatten.PNG, id=97, 713.064pt x 284.86424pt>
File: Chatten.PNG Graphic file (type png)
<use Chatten.PNG>
Package pdftex.def Info: Chatten.PNG  used on input line 261.
(pdftex.def)             Requested size: 430.54005pt x 171.99922pt.
<SupportChat.PNG, id=98, 229.45724pt x 365.56575pt>
File: SupportChat.PNG Graphic file (type png)
<use SupportChat.PNG>
Package pdftex.def Info: SupportChat.PNG  used on input line 262.
(pdftex.def)             Requested size: 107.96045pt x 171.99922pt.
<Chat.PNG, id=99, 592.01175pt x 427.5975pt>
File: Chat.PNG Graphic file (type png)
<use Chat.PNG>
Package pdftex.def Info: Chat.PNG  used on input line 263.
(pdftex.def)             Requested size: 238.1284pt x 171.99922pt.

Overfull \hbox (0.53543pt too wide) in paragraph at lines 261--264
[]
 []

[12]
<Fehler2.PNG, id=109, 546.843pt x 82.50826pt>
File: Fehler2.PNG Graphic file (type png)
<use Fehler2.PNG>
Package pdftex.def Info: Fehler2.PNG  used on input line 272.
(pdftex.def)             Requested size: 1140.07674pt x 171.99922pt.

Overfull \hbox (710.07211pt too wide) in paragraph at lines 272--274
[]
 []

[13 <./Chatten.PNG> <./SupportChat.PNG> <./Chat.PNG>] [14 <./Fehler2.PNG>]
Overfull \hbox (0.68643pt too wide) in paragraph at lines 300--302
[]\OT1/cmr/m/n/12 Description: Der User kann, wenn er auf den But-ton nn-eu-es Boot an-le-gen"dr[]uckt,
 []

<Boot_anlegen.PNG, id=123, 475.7775pt x 157.18726pt>
File: Boot_anlegen.PNG Graphic file (type png)
<use Boot_anlegen.PNG>
Package pdftex.def Info: Boot_anlegen.PNG  used on input line 304.
(pdftex.def)             Requested size: 520.65622pt x 171.99922pt.

Overfull \hbox (90.6516pt too wide) in paragraph at lines 304--305
[] 
 []

[15]
<Boot_anlegen_Fehler.PNG, id=132, 370.986pt x 293.898pt>
File: Boot_anlegen_Fehler.PNG Graphic file (type png)
<use Boot_anlegen_Fehler.PNG>
Package pdftex.def Info: Boot_anlegen_Fehler.PNG  used on input line 313.
(pdftex.def)             Requested size: 217.11366pt x 171.99922pt.
 [16 <./Boot_anlegen.PNG> <./Boot_anlegen_Fehler.PNG>] [17] [18] [19] [20]
Package atveryend Info: Empty hook `BeforeClearDocument' on input line 376.
 [21]
Package atveryend Info: Empty hook `AfterLastShipout' on input line 376.
 (SystemSpec.aux)
Package atveryend Info: Executing hook `AtVeryEndDocument' on input line 376.
Package atveryend Info: Executing hook `AtEndAfterFileList' on input line 376.


Package rerunfilecheck Warning: File `SystemSpec.out' has changed.
(rerunfilecheck)                Rerun to get outlines right
(rerunfilecheck)                or use package `bookmark'.

Package rerunfilecheck Info: Checksums for `SystemSpec.out':
(rerunfilecheck)             Before: <no file>
(rerunfilecheck)             After:  4BB769481812AA9642B8D9148821EC35;2647.
Package atveryend Info: Empty hook `AtVeryVeryEnd' on input line 376.
 ) 
Here is how much of TeX's memory you used:
 7381 strings out of 492895
 110251 string characters out of 3123735
 219408 words of memory out of 3000000
 11105 multiletter control sequences out of 15000+200000
 10401 words of font info for 39 fonts, out of 3000000 for 9000
 1141 hyphenation exceptions out of 8191
 42i,10n,35p,861b,397s stack positions out of 5000i,500n,10000p,200000b,50000s
<D:/Users/alexa/AppData/Local/Programs/MiKTeX 2.9/fonts/type1/public/amsfonts/cm/cmbx12.pfb><D:/Users/alexa/AppData/Local/Programs/MiKTeX 2.9/fonts/type1/public/amsfonts/cm/cmr12.pfb><D:/Users/alexa/AppData/Local/Programs/MiKTeX 2.9/fonts/type1/public/amsfonts/cm/cmr17.pfb><D:/Users/alexa/AppData/Local/Programs/MiKTeX 2.9/fonts/type1/public/amsfonts/cm/cmsy10.pfb>
Output written on SystemSpec.pdf (22 pages, 1032026 bytes).
PDF statistics:
 197 PDF objects out of 1000 (max. 8388607)
 60 named destinations out of 1000 (max. 500000)
 86 words of extra memory for PDF output out of 10000 (max. 10000000)

