\BOOKMARK [1][-]{section.1}{Initial Situation and Goal}{}% 1
\BOOKMARK [2][-]{subsection.1.1}{Initial Situation}{section.1}% 2
\BOOKMARK [3][-]{subsubsection.1.1.1}{Application Domain}{subsection.1.1}% 3
\BOOKMARK [3][-]{subsubsection.1.1.2}{Glossary}{subsection.1.1}% 4
\BOOKMARK [3][-]{subsubsection.1.1.3}{Model of the Application Domain}{subsection.1.1}% 5
\BOOKMARK [2][-]{subsection.1.2}{Goal}{section.1}% 6
\BOOKMARK [1][-]{section.2}{Functional Requirements}{}% 7
\BOOKMARK [2][-]{subsection.2.1}{Overview}{section.2}% 8
\BOOKMARK [2][-]{subsection.2.2}{Use Case 1: <Boot suchen>}{section.2}% 9
\BOOKMARK [3][-]{subsubsection.2.2.1}{General Description}{subsection.2.2}% 10
\BOOKMARK [3][-]{subsubsection.2.2.2}{UI to call the use case}{subsection.2.2}% 11
\BOOKMARK [3][-]{subsubsection.2.2.3}{The Standard Use}{subsection.2.2}% 12
\BOOKMARK [3][-]{subsubsection.2.2.4}{The Non-Standard Use}{subsection.2.2}% 13
\BOOKMARK [2][-]{subsection.2.3}{Use Case 2: <Bewertung schreiben>}{section.2}% 14
\BOOKMARK [3][-]{subsubsection.2.3.1}{General Description}{subsection.2.3}% 15
\BOOKMARK [3][-]{subsubsection.2.3.2}{UI to call the use case}{subsection.2.3}% 16
\BOOKMARK [3][-]{subsubsection.2.3.3}{The Standard Use}{subsection.2.3}% 17
\BOOKMARK [3][-]{subsubsection.2.3.4}{The Non-Standard Use}{subsection.2.3}% 18
\BOOKMARK [2][-]{subsection.2.4}{Use Case 3: <Chatten>}{section.2}% 19
\BOOKMARK [3][-]{subsubsection.2.4.1}{General Description}{subsection.2.4}% 20
\BOOKMARK [3][-]{subsubsection.2.4.2}{UI to call the use case}{subsection.2.4}% 21
\BOOKMARK [3][-]{subsubsection.2.4.3}{The Standard Use}{subsection.2.4}% 22
\BOOKMARK [3][-]{subsubsection.2.4.4}{The Non-Standard Use}{subsection.2.4}% 23
\BOOKMARK [1][-]{section.3}{Non-Functional Requirements}{}% 24
\BOOKMARK [2][-]{subsection.3.1}{NFR 1: <Suche>}{section.3}% 25
\BOOKMARK [2][-]{subsection.3.2}{NFR 2: <Bewertung schreiben>}{section.3}% 26
\BOOKMARK [2][-]{subsection.3.3}{NFR 3: <Chatten>}{section.3}% 27
\BOOKMARK [2][-]{subsection.3.4}{NFR 4: <Boot anlegen>}{section.3}% 28
\BOOKMARK [1][-]{section.4}{Quantity Structure}{}% 29
\BOOKMARK [1][-]{section.5}{System Architecture and Interfaces}{}% 30
\BOOKMARK [1][-]{section.6}{Acceptance Criteria}{}% 31
